The system is: Windows - 10.0.19045 - AMD64
Compiling the C compiler identification source file "CMakeCCompilerId.c" succeeded.
Compiler: D:/VisualStudio19/VC/Tools/MSVC/14.29.30133/bin/Hostx86/x64/cl.exe 
Build flags: 
Id flags:  

The output was:
0
Оптимизирующий компилятор Microsoft (R) C/C++ версии 19.29.30148 для x64
(C) Корпорация Майкрософт (Microsoft Corporation).  Все права защищены.

CMakeCCompilerId.c
Microsoft (R) Incremental Linker Version 14.29.30148.0
Copyright (C) Microsoft Corporation.  All rights reserved.

/out:CMakeCCompilerId.exe 
CMakeCCompilerId.obj 


Compilation of the C compiler identification source "CMakeCCompilerId.c" produced "CMakeCCompilerId.exe"

Compilation of the C compiler identification source "CMakeCCompilerId.c" produced "CMakeCCompilerId.obj"

The C compiler identification is MSVC, found in "D:/studentsStuff/Session/3_course/MusicService/cmake-build-debug/CMakeFiles/3.25.2/CompilerIdC/CMakeCCompilerId.exe"

Compiling the CXX compiler identification source file "CMakeCXXCompilerId.cpp" succeeded.
Compiler: D:/VisualStudio19/VC/Tools/MSVC/14.29.30133/bin/Hostx86/x64/cl.exe 
Build flags: 
Id flags:  

The output was:
0
Оптимизирующий компилятор Microsoft (R) C/C++ версии 19.29.30148 для x64
(C) Корпорация Майкрософт (Microsoft Corporation).  Все права защищены.

CMakeCXXCompilerId.cpp
Microsoft (R) Incremental Linker Version 14.29.30148.0
Copyright (C) Microsoft Corporation.  All rights reserved.

/out:CMakeCXXCompilerId.exe 
CMakeCXXCompilerId.obj 


Compilation of the CXX compiler identification source "CMakeCXXCompilerId.cpp" produced "CMakeCXXCompilerId.exe"

Compilation of the CXX compiler identification source "CMakeCXXCompilerId.cpp" produced "CMakeCXXCompilerId.obj"

The CXX compiler identification is MSVC, found in "D:/studentsStuff/Session/3_course/MusicService/cmake-build-debug/CMakeFiles/3.25.2/CompilerIdCXX/CMakeCXXCompilerId.exe"

Detecting C compiler ABI info compiled with the following output:
Change Dir: D:/studentsStuff/Session/3_course/MusicService/cmake-build-debug/CMakeFiles/CMakeScratch/TryCompile-o6pj3q

Run Build Command(s):D:/JetBrains/Clion2023/CLion2023.1.1/bin/ninja/win/x64/ninja.exe cmTC_bc50e && [1/2] Building C object CMakeFiles\cmTC_bc50e.dir\CMakeCCompilerABI.c.obj

[2/2] Linking C executable cmTC_bc50e.exe




Detecting CXX compiler ABI info compiled with the following output:
Change Dir: D:/studentsStuff/Session/3_course/MusicService/cmake-build-debug/CMakeFiles/CMakeScratch/TryCompile-92o1nr

Run Build Command(s):D:/JetBrains/Clion2023/CLion2023.1.1/bin/ninja/win/x64/ninja.exe cmTC_a68a0 && [1/2] Building CXX object CMakeFiles\cmTC_a68a0.dir\CMakeCXXCompilerABI.cpp.obj

[2/2] Linking CXX executable cmTC_a68a0.exe




